<?xml version="1.0" encoding="UTF-8"?>
<!-- Generated by org.testng.reporters.JUnitReportReporter -->
<testsuite hostname="DESKTOP-HKUB798" failures="0" tests="3" name="testng.Testcase4" time="58.089" errors="0" timestamp="2021-10-28T12:34:42 IST" skipped="0">
  <testcase classname="testng.Testcase4" name="demo4" time="18.850"/>
  <system-out/>
  <testcase classname="testng.Testcase4" name="demo4" time="20.650"/>
  <system-out/>
  <testcase classname="testng.Testcase4" name="demo4" time="18.589"/>
  <system-out/>
</testsuite> <!-- testng.Testcase4 -->
