<?xml version="1.0" encoding="UTF-8"?>
<!-- Generated by org.testng.reporters.JUnitReportReporter -->
<testsuite hostname="DESKTOP-HKUB798" failures="0" tests="1" name="testng.Testcase10" time="0.013" errors="0" timestamp="2021-10-29T09:44:47 IST" skipped="0">
  <testcase classname="testng.Testcase10" name="login" time="0.013"/>
  <system-out>
    <![CDATA[it is report the class]]>
  </system-out>
</testsuite> <!-- testng.Testcase10 -->
