<?xml version="1.0" encoding="UTF-8"?>
<!-- Generated by org.testng.reporters.JUnitReportReporter -->
<testsuite hostname="DESKTOP-HKUB798" failures="0" tests="3" name="testng.Testcase8" time="0.010" errors="0" timestamp="2021-10-28T12:34:42 IST" skipped="0">
  <testcase classname="testng.Testcase8" name="c1" time="0.005"/>
  <system-out/>
  <testcase classname="testng.Testcase8" name="a1" time="0.002"/>
  <system-out/>
  <testcase classname="testng.Testcase8" name="b1" time="0.003"/>
  <system-out/>
</testsuite> <!-- testng.Testcase8 -->
