<?xml version="1.0" encoding="UTF-8"?>
<!-- Generated by org.testng.reporters.JUnitReportReporter -->
<testsuite hostname="DESKTOP-HKUB798" failures="0" tests="2" name="testng.Testcase3" time="34.354" errors="0" timestamp="2021-10-28T12:34:42 IST" skipped="0">
  <testcase classname="testng.Testcase3" name="demo3" time="16.190"/>
  <system-out/>
  <testcase classname="testng.Testcase3" name="demo3" time="18.164"/>
  <system-out/>
</testsuite> <!-- testng.Testcase3 -->
