<?xml version="1.0" encoding="UTF-8"?>
<!-- Generated by org.testng.reporters.JUnitReportReporter -->
<testsuite hostname="DESKTOP-HKUB798" failures="0" tests="1" name="testng.Group2" time="0.002" errors="0" timestamp="2021-11-19T17:40:59 IST" skipped="0">
  <testcase classname="testng.Group2" name="sample4" time="0.002"/>
  <system-out/>
</testsuite> <!-- testng.Group2 -->
