<?xml version="1.0" encoding="UTF-8"?>
<!-- Generated by org.testng.reporters.JUnitReportReporter -->
<testsuite hostname="DESKTOP-HKUB798" failures="0" tests="2" name="testng.Myntra" time="14.356" errors="0" timestamp="2021-10-29T11:18:54 IST" skipped="0">
  <testcase classname="testng.Myntra" name="test3" time="7.760"/>
  <system-out/>
  <testcase classname="testng.Myntra" name="test3" time="6.596"/>
  <system-out/>
</testsuite> <!-- testng.Myntra -->
