<?xml version="1.0" encoding="UTF-8"?>
<!-- Generated by org.testng.reporters.JUnitReportReporter -->
<testsuite hostname="DESKTOP-HKUB798" failures="0" tests="2" name="testng.Testcase5" time="39.190" errors="0" timestamp="2021-10-28T12:34:42 IST" skipped="0">
  <testcase classname="testng.Testcase5" name="demo4" time="19.014"/>
  <system-out/>
  <testcase classname="testng.Testcase5" name="demo4" time="20.176"/>
  <system-out/>
</testsuite> <!-- testng.Testcase5 -->
