<?xml version="1.0" encoding="UTF-8"?>
<!-- Generated by org.testng.reporters.JUnitReportReporter -->
<testsuite hostname="DESKTOP-HKUB798" failures="0" tests="1" name="testng.Amazon" time="6.611" errors="0" timestamp="2021-10-29T11:18:54 IST" skipped="0">
  <testcase classname="testng.Amazon" name="test2" time="6.611"/>
  <system-out/>
</testsuite> <!-- testng.Amazon -->
