<?xml version="1.0" encoding="UTF-8"?>
<!-- Generated by org.testng.reporters.JUnitReportReporter -->
<testsuite hostname="DESKTOP-HKUB798" failures="0" tests="1" name="testng.Flipkart" time="11.390" errors="0" timestamp="2021-10-29T11:18:54 IST" skipped="0">
  <testcase classname="testng.Flipkart" name="test4" time="11.390"/>
  <system-out/>
</testsuite> <!-- testng.Flipkart -->
