<?xml version="1.0" encoding="UTF-8"?>
<!-- Generated by org.testng.reporters.JUnitReportReporter -->
<testsuite hostname="DESKTOP-HKUB798" failures="0" tests="1" name="testng.Testcase11" time="0.003" errors="0" timestamp="2021-10-28T12:34:42 IST" skipped="0">
  <testcase classname="testng.Testcase11" name="login" time="0.003"/>
  <system-out>
    <![CDATA[it is report the class
test case id 0001]]>
  </system-out>
</testsuite> <!-- testng.Testcase11 -->
