<?xml version="1.0" encoding="UTF-8"?>
<!-- Generated by org.testng.reporters.JUnitReportReporter -->
<testsuite hostname="DESKTOP-HKUB798" failures="0" tests="1" name="testng.GRoup1" time="0.014" errors="0" timestamp="2021-11-19T17:40:59 IST" skipped="0">
  <testcase classname="testng.GRoup1" name="sample1" time="0.014"/>
  <system-out/>
</testsuite> <!-- testng.GRoup1 -->
