<?xml version="1.0" encoding="UTF-8"?>
<!-- Generated by org.testng.reporters.JUnitReportReporter -->
<testsuite hostname="DESKTOP-HKUB798" failures="0" tests="2" name="testng.Snaddeel" time="8.131" errors="0" timestamp="2021-10-29T11:18:54 IST" skipped="0">
  <testcase classname="testng.Snaddeel" name="test1" time="3.402"/>
  <system-out/>
  <testcase classname="testng.Snaddeel" name="test1" time="4.729"/>
  <system-out/>
</testsuite> <!-- testng.Snaddeel -->
