<?xml version="1.0" encoding="UTF-8"?>
<!-- Generated by org.testng.reporters.JUnitReportReporter -->
<testsuite hostname="DESKTOP-HKUB798" failures="0" tests="1" name="demoactitime.Deomo" time="0.004" errors="0" timestamp="2021-10-28T12:34:42 IST" skipped="0">
  <testcase classname="demoactitime.Deomo" name="add" time="0.004"/>
  <system-out/>
</testsuite> <!-- demoactitime.Deomo -->
