<?xml version="1.0" encoding="UTF-8"?>
<!-- Generated by org.testng.reporters.JUnitReportReporter -->
<testsuite hostname="DESKTOP-HKUB798" failures="0" tests="1" name="testng.Softassert" time="0.021" errors="0" timestamp="2021-11-02T20:55:24 IST" skipped="0">
  <testcase classname="testng.Softassert" name="softassestt" time="0.021"/>
  <system-out/>
</testsuite> <!-- testng.Softassert -->
