<?xml version="1.0" encoding="UTF-8"?>
<!-- Generated by org.testng.reporters.JUnitReportReporter -->
<testsuite hostname="DESKTOP-HKUB798" failures="0" tests="2" name="testng.TestCase7" time="36.940" errors="0" timestamp="2021-10-28T12:34:42 IST" skipped="0">
  <testcase classname="testng.TestCase7" name="demo4" time="17.965"/>
  <system-out/>
  <testcase classname="testng.TestCase7" name="demo4" time="18.975"/>
  <system-out/>
</testsuite> <!-- testng.TestCase7 -->
