<?xml version="1.0" encoding="UTF-8"?>
<!-- Generated by org.testng.reporters.JUnitReportReporter -->
<testsuite hostname="DESKTOP-HKUB798" failures="0" tests="1" name="testng.PassDataFRomTestngFile" time="22.776" errors="0" timestamp="2021-10-29T10:19:30 IST" skipped="0">
  <testcase classname="testng.PassDataFRomTestngFile" name="testdata" time="22.776"/>
  <system-out/>
</testsuite> <!-- testng.PassDataFRomTestngFile -->
