<?xml version="1.0" encoding="UTF-8"?>
<!-- Generated by org.testng.reporters.JUnitReportReporter -->
<testsuite hostname="DESKTOP-HKUB798" failures="0" tests="1" name="testng.Assertss" time="0.020" errors="0" timestamp="2021-11-02T20:57:53 IST" skipped="0">
  <testcase classname="testng.Assertss" name="hardassert" time="0.020"/>
  <system-out/>
</testsuite> <!-- testng.Assertss -->
