<?xml version="1.0" encoding="UTF-8"?>
<!-- Generated by org.testng.reporters.JUnitReportReporter -->
<testsuite hostname="DESKTOP-HKUB798" failures="0" tests="2" name="testng.TEstcase9" time="0.002" errors="0" timestamp="2021-10-28T12:34:42 IST" skipped="1">
  <testcase classname="testng.TEstcase9" name="c1" time="0.002"/>
  <system-out/>
  <testcase classname="testng.TEstcase9" name="a1">
    <skipped/>
  </testcase> <!-- a1 -->
  <system-out/>
</testsuite> <!-- testng.TEstcase9 -->
