<?xml version="1.0" encoding="UTF-8"?>
<!-- Generated by org.testng.reporters.JUnitReportReporter -->
<testsuite hostname="DESKTOP-HKUB798" failures="0" tests="2" name="testng.TEstcase13" time="38.034" errors="0" timestamp="2021-10-28T12:34:42 IST" skipped="0">
  <testcase classname="testng.TEstcase13" name="login" time="17.791"/>
  <system-out/>
  <testcase classname="testng.TEstcase13" name="login" time="20.243"/>
  <system-out/>
</testsuite> <!-- testng.TEstcase13 -->
