<?xml version="1.0" encoding="UTF-8"?>
<!-- Generated by org.testng.reporters.JUnitReportReporter -->
<testsuite hostname="DESKTOP-HKUB798" failures="0" tests="2" name="testng.Testcase14" time="40.043" errors="0" timestamp="2021-10-28T12:34:42 IST" skipped="0">
  <testcase classname="testng.Testcase14" name="login" time="20.586"/>
  <system-out/>
  <testcase classname="testng.Testcase14" name="login" time="19.457"/>
  <system-out/>
</testsuite> <!-- testng.Testcase14 -->
